0 info it worked if it ends with ok
1 verbose cli [ '/usr/local/bin/iojs',
1 verbose cli   '/usr/local/bin/npm',
1 verbose cli   'install',
1 verbose cli   '-g',
1 verbose cli   'karma-cli' ]
2 info using npm@2.11.3
3 info using node@v2.3.1
4 verbose install initial load of /usr/local/lib/package.json
5 verbose readDependencies loading dependencies from /usr/local/lib/package.json
6 silly cache add args [ 'karma-cli', null ]
7 verbose cache add spec karma-cli
8 silly cache add parsed spec { raw: 'karma-cli',
8 silly cache add   scope: null,
8 silly cache add   name: 'karma-cli',
8 silly cache add   rawSpec: '',
8 silly cache add   spec: '*',
8 silly cache add   type: 'range' }
9 silly addNamed karma-cli@*
10 verbose addNamed "*" is a valid semver range for karma-cli
11 silly addNameRange { name: 'karma-cli', range: '*', hasData: false }
12 silly mapToRegistry name karma-cli
13 silly mapToRegistry using default registry
14 silly mapToRegistry registry https://registry.npmjs.org/
15 silly mapToRegistry uri https://registry.npmjs.org/karma-cli
16 verbose addNameRange registry:https://registry.npmjs.org/karma-cli not in flight; fetching
17 verbose request uri https://registry.npmjs.org/karma-cli
18 verbose request no auth needed
19 info attempt registry request try #1 at 16:18:18
20 verbose request id 86eb6df529e83106
21 verbose etag "21PI6PA44XYJBDEVLQBXD4V5Y"
22 http request GET https://registry.npmjs.org/karma-cli
23 http 304 https://registry.npmjs.org/karma-cli
24 silly get cb [ 304,
24 silly get   { date: 'Tue, 28 Jul 2015 23:18:16 GMT',
24 silly get     via: '1.1 varnish',
24 silly get     'cache-control': 'max-age=60',
24 silly get     etag: '"21PI6PA44XYJBDEVLQBXD4V5Y"',
24 silly get     age: '57',
24 silly get     connection: 'keep-alive',
24 silly get     'x-served-by': 'cache-sjc3127-SJC',
24 silly get     'x-cache': 'HIT',
24 silly get     'x-cache-hits': '1',
24 silly get     'x-timer': 'S1438125496.993128,VS0,VE0',
24 silly get     vary: 'Accept' } ]
25 verbose etag https://registry.npmjs.org/karma-cli from cache
26 verbose get saving karma-cli to /Users/sahar/.npm/registry.npmjs.org/karma-cli/.cache.json
27 silly addNameRange number 2 { name: 'karma-cli', range: '*', hasData: true }
28 silly addNameRange versions [ 'karma-cli', [ '0.0.1', '0.0.2', '0.0.3', '0.0.4', '0.1.0' ] ]
29 silly addNamed karma-cli@0.1.0
30 verbose addNamed "0.1.0" is a plain semver version for karma-cli
31 silly cache afterAdd karma-cli@0.1.0
32 verbose afterAdd /Users/sahar/.npm/karma-cli/0.1.0/package/package.json not in flight; writing
33 verbose afterAdd /Users/sahar/.npm/karma-cli/0.1.0/package/package.json written
34 silly install resolved [ { name: 'karma-cli',
34 silly install resolved     description: 'The Karma command line interface.',
34 silly install resolved     homepage: 'http://karma-runner.github.io/',
34 silly install resolved     repository:
34 silly install resolved      { type: 'git',
34 silly install resolved        url: 'git://github.com/karma-runner/karma-cli.git' },
34 silly install resolved     bugs: { url: 'https://github.com/karma-runner/karma-cli/issues' },
34 silly install resolved     keywords:
34 silly install resolved      [ 'karma',
34 silly install resolved        'spectacular',
34 silly install resolved        'runner',
34 silly install resolved        'karma',
34 silly install resolved        'js',
34 silly install resolved        'javascript',
34 silly install resolved        'testing',
34 silly install resolved        'test',
34 silly install resolved        'remote',
34 silly install resolved        'execution' ],
34 silly install resolved     author: { name: 'Vojta Jína', email: 'vojta.jina@gmail.com' },
34 silly install resolved     contributors: [ [Object], [Object], [Object], [Object], [Object] ],
34 silly install resolved     dependencies: { resolve: '^1.1.6' },
34 silly install resolved     peerDependencies: {},
34 silly install resolved     devDependencies:
34 silly install resolved      { 'eslint-config-standard': '^3.3.0',
34 silly install resolved        grunt: '^0.4.1',
34 silly install resolved        'grunt-bump': '^0.3.1',
34 silly install resolved        'grunt-conventional-changelog': '^1.2.2',
34 silly install resolved        'grunt-eslint': '^15.0.0',
34 silly install resolved        'grunt-npm': '0.0.2',
34 silly install resolved        'load-grunt-tasks': '^3.2.0' },
34 silly install resolved     preferGlobal: true,
34 silly install resolved     bin: { karma: './bin/karma' },
34 silly install resolved     engines: { node: '>=0.10 <=0.12 || >=1 <=2' },
34 silly install resolved     version: '0.1.0',
34 silly install resolved     license: 'MIT',
34 silly install resolved     gitHead: '1ab7b3f20cbde5348b7dbe0f06f85d1aec5e3ffe',
34 silly install resolved     _id: 'karma-cli@0.1.0',
34 silly install resolved     scripts: {},
34 silly install resolved     _shasum: '9ecd98b9469b79aefc3ed521938563e6661524cb',
34 silly install resolved     _from: 'karma-cli@*',
34 silly install resolved     _npmVersion: '2.11.0',
34 silly install resolved     _nodeVersion: '2.1.0',
34 silly install resolved     _npmUser: { name: 'dignifiedquire', email: 'dignifiedquire@gmail.com' },
34 silly install resolved     dist:
34 silly install resolved      { shasum: '9ecd98b9469b79aefc3ed521938563e6661524cb',
34 silly install resolved        tarball: 'http://registry.npmjs.org/karma-cli/-/karma-cli-0.1.0.tgz' },
34 silly install resolved     maintainers: [ [Object], [Object], [Object] ],
34 silly install resolved     directories: {},
34 silly install resolved     _resolved: 'https://registry.npmjs.org/karma-cli/-/karma-cli-0.1.0.tgz',
34 silly install resolved     readme: 'ERROR: No README data found!' } ]
35 info install karma-cli@0.1.0 into /usr/local/lib
36 info installOne karma-cli@0.1.0
37 verbose installOne of karma-cli to /usr/local/lib not in flight; installing
38 verbose lock using /Users/sahar/.npm/_locks/karma-cli-0e5318cdc71a1121.lock for /usr/local/lib/node_modules/karma-cli
39 silly install write writing karma-cli 0.1.0 to /usr/local/lib/node_modules/karma-cli
40 verbose unbuild lib/node_modules/karma-cli
41 silly gentlyRm /usr/local/lib/node_modules/karma-cli is being purged from base /usr/local
42 verbose gentlyRm don't care about contents; nuking /usr/local/lib/node_modules/karma-cli
43 verbose tar unpack /Users/sahar/.npm/karma-cli/0.1.0/package.tgz
44 verbose tar unpacking to /usr/local/lib/node_modules/karma-cli
45 silly gentlyRm /usr/local/lib/node_modules/karma-cli is being purged
46 verbose gentlyRm don't care about contents; nuking /usr/local/lib/node_modules/karma-cli
47 silly gunzTarPerm modes [ '755', '644' ]
48 error tar.unpack untar error /Users/sahar/.npm/karma-cli/0.1.0/package.tgz
49 verbose unlock done using /Users/sahar/.npm/_locks/karma-cli-0e5318cdc71a1121.lock for /usr/local/lib/node_modules/karma-cli
50 verbose fstream_path /usr/local/lib/node_modules/karma-cli
51 verbose fstream_type Directory
52 verbose fstream_class DirWriter
53 verbose stack Error: EACCES: permission denied, mkdir '/usr/local/lib/node_modules/karma-cli'
53 verbose stack     at Error (native)
54 verbose fstream_stack /usr/local/lib/node_modules/npm/node_modules/fstream/lib/dir-writer.js:35:25
54 verbose fstream_stack /usr/local/lib/node_modules/npm/node_modules/mkdirp/index.js:47:53
54 verbose fstream_stack FSReqWrap.oncomplete (fs.js:82:15)
55 verbose cwd /Users/sahar/Documents/BMI clac
56 error Darwin 14.3.0
57 error argv "/usr/local/bin/iojs" "/usr/local/bin/npm" "install" "-g" "karma-cli"
58 error node v2.3.1
59 error npm  v2.11.3
60 error path /usr/local/lib/node_modules/karma-cli
61 error code EACCES
62 error errno -13
63 error syscall mkdir
64 error Error: EACCES: permission denied, mkdir '/usr/local/lib/node_modules/karma-cli'
64 error     at Error (native)
64 error  { [Error: EACCES: permission denied, mkdir '/usr/local/lib/node_modules/karma-cli']
64 error   errno: -13,
64 error   code: 'EACCES',
64 error   syscall: 'mkdir',
64 error   path: '/usr/local/lib/node_modules/karma-cli',
64 error   fstream_type: 'Directory',
64 error   fstream_path: '/usr/local/lib/node_modules/karma-cli',
64 error   fstream_class: 'DirWriter',
64 error   fstream_stack:
64 error    [ '/usr/local/lib/node_modules/npm/node_modules/fstream/lib/dir-writer.js:35:25',
64 error      '/usr/local/lib/node_modules/npm/node_modules/mkdirp/index.js:47:53',
64 error      'FSReqWrap.oncomplete (fs.js:82:15)' ] }
65 error Please try running this command again as root/Administrator.
66 verbose exit [ -13, true ]
67 verbose unbuild lib/node_modules/karma-cli
68 silly gentlyRm /usr/local/lib/node_modules/karma-cli is being purged from base /usr/local
69 verbose gentlyRm don't care about contents; nuking /usr/local/lib/node_modules/karma-cli
